# JRE version: OpenJDK Runtime Environment (11.0.12+7) (build 11.0.12+7-b1504.28-7817840)
# Java VM: OpenJDK 64-Bit Server VM (11.0.12+7-b1504.28-7817840, mixed mode, tiered, compressed oops, g1 gc, windows-amd64)
Heap:
 garbage-first heap   total 262144K, used 125134K [0x0000000080000000, 0x0000000100000000)
  region size 1024K, 69 young (70656K), 15 survivors (15360K)
 Metaspace       used 65056K, capacity 66724K, committed 66816K, reserved 1110016K
  class space    used 8319K, capacity 8915K, committed 8960K, reserved 1048576K
GC Heap History (16 events):
Event: 1.838 GC heap before
{Heap before GC invocations=0 (full 0):
 garbage-first heap   total 262144K, used 27648K [0x0000000080000000, 0x0000000100000000)
  region size 1024K, 22 young (22528K), 0 survivors (0K)
 Metaspace       used 9623K, capacity 9821K, committed 10112K, reserved 1058816K
  class space    used 992K, capacity 1068K, committed 1152K, reserved 1048576K
}
Event: 1.905 GC heap after
{Heap after GC invocations=1 (full 0):
 garbage-first heap   total 262144K, used 9325K [0x0000000080000000, 0x0000000100000000)
  region size 1024K, 3 young (3072K), 3 survivors (3072K)
 Metaspace       used 9623K, capacity 9821K, committed 10112K, reserved 1058816K
  class space    used 992K, capacity 1068K, committed 1152K, reserved 1048576K
}
Event: 6.568 GC heap before
{Heap before GC invocations=1 (full 0):
 garbage-first heap   total 262144K, used 83053K [0x0000000080000000, 0x0000000100000000)
  region size 1024K, 75 young (76800K), 3 survivors (3072K)
 Metaspace       used 17708K, capacity 18112K, committed 18432K, reserved 1064960K
  class space    used 2076K, capacity 2226K, committed 2304K, reserved 1048576K
}
Event: 6.593 GC heap after
{Heap after GC invocations=2 (full 0):
 garbage-first heap   total 262144K, used 16272K [0x0000000080000000, 0x0000000100000000)
  region size 1024K, 10 young (10240K), 10 survivors (10240K)
 Metaspace       used 17708K, capacity 18112K, committed 18432K, reserved 1064960K
  class space    used 2076K, capacity 2226K, committed 2304K, reserved 1048576K
}
Event: 7.192 GC heap before
{Heap before GC invocations=2 (full 0):
 garbage-first heap   total 262144K, used 46992K [0x0000000080000000, 0x0000000100000000)
  region size 1024K, 41 young (41984K), 10 survivors (10240K)
 Metaspace       used 20722K, capacity 21148K, committed 21248K, reserved 1067008K
  class space    used 2550K, capacity 2727K, committed 2816K, reserved 1048576K
}
Event: 7.220 GC heap after
{Heap after GC invocations=3 (full 0):
 garbage-first heap   total 262144K, used 17731K [0x0000000080000000, 0x0000000100000000)
  region size 1024K, 2 young (2048K), 2 survivors (2048K)
 Metaspace       used 20722K, capacity 21148K, committed 21248K, reserved 1067008K
  class space    used 2550K, capacity 2727K, committed 2816K, reserved 1048576K
}
Event: 9.343 GC heap before
{Heap before GC invocations=4 (full 0):
 garbage-first heap   total 262144K, used 100675K [0x0000000080000000, 0x0000000100000000)
  region size 1024K, 73 young (74752K), 2 survivors (2048K)
 Metaspace       used 27992K, capacity 28702K, committed 28800K, reserved 1075200K
  class space    used 3686K, capacity 3928K, committed 3968K, reserved 1048576K
}
Event: 9.354 GC heap after
{Heap after GC invocations=5 (full 0):
 garbage-first heap   total 262144K, used 33565K [0x0000000080000000, 0x0000000100000000)
  region size 1024K, 7 young (7168K), 7 survivors (7168K)
 Metaspace       used 27992K, capacity 28702K, committed 28800K, reserved 1075200K
  class space    used 3686K, capacity 3928K, committed 3968K, reserved 1048576K
}
Event: 10.879 GC heap before
{Heap before GC invocations=5 (full 0):
 garbage-first heap   total 262144K, used 96029K [0x0000000080000000, 0x0000000100000000)
  region size 1024K, 69 young (70656K), 7 survivors (7168K)
 Metaspace       used 34916K, capacity 35833K, committed 35840K, reserved 1081344K
  class space    used 4650K, capacity 4986K, committed 4992K, reserved 1048576K
}
Event: 10.898 GC heap after
{Heap after GC invocations=6 (full 0):
 garbage-first heap   total 262144K, used 36514K [0x0000000080000000, 0x0000000100000000)
  region size 1024K, 9 young (9216K), 9 survivors (9216K)
 Metaspace       used 34916K, capacity 35833K, committed 35840K, reserved 1081344K
  class space    used 4650K, capacity 4986K, committed 4992K, reserved 1048576K
}
Event: 13.602 GC heap before
{Heap before GC invocations=7 (full 0):
 garbage-first heap   total 262144K, used 143010K [0x0000000080000000, 0x0000000100000000)
  region size 1024K, 106 young (108544K), 9 survivors (9216K)
 Metaspace       used 44505K, capacity 45756K, committed 45952K, reserved 1089536K
  class space    used 5745K, capacity 6191K, committed 6272K, reserved 1048576K
}
Event: 13.648 GC heap after
{Heap after GC invocations=8 (full 0):
 garbage-first heap   total 262144K, used 49848K [0x0000000080000000, 0x0000000100000000)
  region size 1024K, 12 young (12288K), 12 survivors (12288K)
 Metaspace       used 44505K, capacity 45756K, committed 45952K, reserved 1089536K
  class space    used 5745K, capacity 6191K, committed 6272K, reserved 1048576K
}
Event: 16.974 GC heap before
{Heap before GC invocations=8 (full 0):
 garbage-first heap   total 262144K, used 168632K [0x0000000080000000, 0x0000000100000000)
  region size 1024K, 123 young (125952K), 12 survivors (12288K)
 Metaspace       used 51232K, capacity 52654K, committed 52736K, reserved 1095680K
  class space    used 6608K, capacity 7097K, committed 7168K, reserved 1048576K
}
Event: 17.009 GC heap after
{Heap after GC invocations=9 (full 0):
 garbage-first heap   total 262144K, used 59651K [0x0000000080000000, 0x0000000100000000)
  region size 1024K, 15 young (15360K), 15 survivors (15360K)
 Metaspace       used 51232K, capacity 52654K, committed 52736K, reserved 1095680K
  class space    used 6608K, capacity 7097K, committed 7168K, reserved 1048576K
}
Event: 21.010 GC heap before
{Heap before GC invocations=9 (full 0):
 garbage-first heap   total 262144K, used 139523K [0x0000000080000000, 0x0000000100000000)
  region size 1024K, 91 young (93184K), 15 survivors (15360K)
 Metaspace       used 58542K, capacity 60073K, committed 60160K, reserved 1101824K
  class space    used 7506K, capacity 8027K, committed 8064K, reserved 1048576K
}
Event: 21.061 GC heap after
{Heap after GC invocations=10 (full 0):
 garbage-first heap   total 262144K, used 71886K [0x0000000080000000, 0x0000000100000000)
  region size 1024K, 15 young (15360K), 15 survivors (15360K)
 Metaspace       used 58542K, capacity 60073K, committed 60160K, reserved 1101824K
  class space    used 7506K, capacity 8027K, committed 8064K, reserved 1048576K
}

