# JRE version: OpenJDK Runtime Environment (11.0.12+7) (build 11.0.12+7-b1504.28-7817840)
# Java VM: OpenJDK 64-Bit Server VM (11.0.12+7-b1504.28-7817840, mixed mode, tiered, compressed oops, g1 gc, windows-amd64)
Heap:
 garbage-first heap   total 315392K, used 79034K [0x0000000080000000, 0x0000000100000000)
  region size 1024K, 14 young (14336K), 14 survivors (14336K)
 Metaspace       used 67761K, capacity 69583K, committed 69760K, reserved 1110016K
  class space    used 8684K, capacity 9304K, committed 9344K, reserved 1048576K
GC Heap History (19 events):
Event: 2.391 GC heap before
{Heap before GC invocations=0 (full 0):
 garbage-first heap   total 262144K, used 27648K [0x0000000080000000, 0x0000000100000000)
  region size 1024K, 22 young (22528K), 0 survivors (0K)
 Metaspace       used 9658K, capacity 9889K, committed 10112K, reserved 1058816K
  class space    used 991K, capacity 1068K, committed 1152K, reserved 1048576K
}
Event: 2.443 GC heap after
{Heap after GC invocations=1 (full 0):
 garbage-first heap   total 262144K, used 9102K [0x0000000080000000, 0x0000000100000000)
  region size 1024K, 3 young (3072K), 3 survivors (3072K)
 Metaspace       used 9658K, capacity 9889K, committed 10112K, reserved 1058816K
  class space    used 991K, capacity 1068K, committed 1152K, reserved 1048576K
}
Event: 4.724 GC heap before
{Heap before GC invocations=1 (full 0):
 garbage-first heap   total 262144K, used 29582K [0x0000000080000000, 0x0000000100000000)
  region size 1024K, 23 young (23552K), 3 survivors (3072K)
 Metaspace       used 10809K, capacity 11009K, committed 11264K, reserved 1058816K
  class space    used 1130K, capacity 1207K, committed 1280K, reserved 1048576K
}
Event: 4.737 GC heap after
{Heap after GC invocations=2 (full 0):
 garbage-first heap   total 262144K, used 9444K [0x0000000080000000, 0x0000000100000000)
  region size 1024K, 1 young (1024K), 1 survivors (1024K)
 Metaspace       used 10809K, capacity 11009K, committed 11264K, reserved 1058816K
  class space    used 1130K, capacity 1207K, committed 1280K, reserved 1048576K
}
Event: 7.855 GC heap before
{Heap before GC invocations=2 (full 0):
 garbage-first heap   total 262144K, used 58596K [0x0000000080000000, 0x0000000100000000)
  region size 1024K, 49 young (50176K), 1 survivors (1024K)
 Metaspace       used 17173K, capacity 17534K, committed 17792K, reserved 1064960K
  class space    used 1985K, capacity 2115K, committed 2176K, reserved 1048576K
}
Event: 7.870 GC heap after
{Heap after GC invocations=3 (full 0):
 garbage-first heap   total 262144K, used 15607K [0x0000000080000000, 0x0000000100000000)
  region size 1024K, 7 young (7168K), 7 survivors (7168K)
 Metaspace       used 17173K, capacity 17534K, committed 17792K, reserved 1064960K
  class space    used 1985K, capacity 2115K, committed 2176K, reserved 1048576K
}
Event: 8.544 GC heap before
{Heap before GC invocations=3 (full 0):
 garbage-first heap   total 262144K, used 47351K [0x0000000080000000, 0x0000000100000000)
  region size 1024K, 40 young (40960K), 7 survivors (7168K)
 Metaspace       used 20710K, capacity 21153K, committed 21248K, reserved 1067008K
  class space    used 2544K, capacity 2727K, committed 2816K, reserved 1048576K
}
Event: 8.561 GC heap after
{Heap after GC invocations=4 (full 0):
 garbage-first heap   total 262144K, used 17097K [0x0000000080000000, 0x0000000100000000)
  region size 1024K, 2 young (2048K), 2 survivors (2048K)
 Metaspace       used 20710K, capacity 21153K, committed 21248K, reserved 1067008K
  class space    used 2544K, capacity 2727K, committed 2816K, reserved 1048576K
}
Event: 10.483 GC heap before
{Heap before GC invocations=5 (full 0):
 garbage-first heap   total 262144K, used 101065K [0x0000000080000000, 0x0000000100000000)
  region size 1024K, 74 young (75776K), 2 survivors (2048K)
 Metaspace       used 28041K, capacity 28809K, committed 29056K, reserved 1075200K
  class space    used 3696K, capacity 3962K, committed 3968K, reserved 1048576K
}
Event: 10.500 GC heap after
{Heap after GC invocations=6 (full 0):
 garbage-first heap   total 262144K, used 32956K [0x0000000080000000, 0x0000000100000000)
  region size 1024K, 7 young (7168K), 7 survivors (7168K)
 Metaspace       used 28041K, capacity 28809K, committed 29056K, reserved 1075200K
  class space    used 3696K, capacity 3962K, committed 3968K, reserved 1048576K
}
Event: 12.102 GC heap before
{Heap before GC invocations=6 (full 0):
 garbage-first heap   total 262144K, used 95420K [0x0000000080000000, 0x0000000100000000)
  region size 1024K, 69 young (70656K), 7 survivors (7168K)
 Metaspace       used 34884K, capacity 35778K, committed 35840K, reserved 1081344K
  class space    used 4647K, capacity 4987K, committed 4992K, reserved 1048576K
}
Event: 12.119 GC heap after
{Heap after GC invocations=7 (full 0):
 garbage-first heap   total 262144K, used 35567K [0x0000000080000000, 0x0000000100000000)
  region size 1024K, 10 young (10240K), 10 survivors (10240K)
 Metaspace       used 34884K, capacity 35778K, committed 35840K, reserved 1081344K
  class space    used 4647K, capacity 4987K, committed 4992K, reserved 1048576K
}
Event: 15.088 GC heap before
{Heap before GC invocations=8 (full 0):
 garbage-first heap   total 262144K, used 149231K [0x0000000080000000, 0x0000000100000000)
  region size 1024K, 115 young (117760K), 10 survivors (10240K)
 Metaspace       used 45080K, capacity 46280K, committed 46464K, reserved 1089536K
  class space    used 5805K, capacity 6256K, committed 6272K, reserved 1048576K
}
Event: 15.133 GC heap after
{Heap after GC invocations=9 (full 0):
 garbage-first heap   total 262144K, used 49419K [0x0000000080000000, 0x0000000100000000)
  region size 1024K, 12 young (12288K), 12 survivors (12288K)
 Metaspace       used 45080K, capacity 46280K, committed 46464K, reserved 1089536K
  class space    used 5805K, capacity 6256K, committed 6272K, reserved 1048576K
}
Event: 18.174 GC heap before
{Heap before GC invocations=9 (full 0):
 garbage-first heap   total 262144K, used 175371K [0x0000000080000000, 0x0000000100000000)
  region size 1024K, 129 young (132096K), 12 survivors (12288K)
 Metaspace       used 51722K, capacity 53144K, committed 53248K, reserved 1095680K
  class space    used 6649K, capacity 7147K, committed 7168K, reserved 1048576K
}
Event: 18.217 GC heap after
{Heap after GC invocations=10 (full 0):
 garbage-first heap   total 262144K, used 63488K [0x0000000080000000, 0x0000000100000000)
  region size 1024K, 17 young (17408K), 17 survivors (17408K)
 Metaspace       used 51722K, capacity 53144K, committed 53248K, reserved 1095680K
  class space    used 6649K, capacity 7147K, committed 7168K, reserved 1048576K
}
Event: 19.594 GC heap before
{Heap before GC invocations=10 (full 0):
 garbage-first heap   total 262144K, used 122880K [0x0000000080000000, 0x0000000100000000)
  region size 1024K, 75 young (76800K), 17 survivors (17408K)
 Metaspace       used 58545K, capacity 60093K, committed 60160K, reserved 1101824K
  class space    used 7499K, capacity 8034K, committed 8064K, reserved 1048576K
}
Event: 19.644 GC heap after
{Heap after GC invocations=11 (full 0):
 garbage-first heap   total 262144K, used 71262K [0x0000000080000000, 0x0000000100000000)
  region size 1024K, 15 young (15360K), 15 survivors (15360K)
 Metaspace       used 58545K, capacity 60093K, committed 60160K, reserved 1101824K
  class space    used 7499K, capacity 8034K, committed 8064K, reserved 1048576K
}
Event: 22.370 GC heap before
{Heap before GC invocations=12 (full 0):
 garbage-first heap   total 262144K, used 180830K [0x0000000080000000, 0x0000000100000000)
  region size 1024K, 122 young (124928K), 15 survivors (15360K)
 Metaspace       used 67761K, capacity 69583K, committed 69760K, reserved 1110016K
  class space    used 8684K, capacity 9304K, committed 9344K, reserved 1048576K
}

