# JRE version: OpenJDK Runtime Environment (11.0.12+7) (build 11.0.12+7-b1504.28-7817840)
# Java VM: OpenJDK 64-Bit Server VM (11.0.12+7-b1504.28-7817840, mixed mode, tiered, compressed oops, g1 gc, windows-amd64)
Heap:
 garbage-first heap   total 262144K, used 84899K [0x0000000080000000, 0x0000000100000000)
  region size 1024K, 20 young (20480K), 6 survivors (6144K)
 Metaspace       used 60076K, capacity 61696K, committed 61900K, reserved 1103872K
  class space    used 7727K, capacity 8290K, committed 8396K, reserved 1048576K
GC Heap History (14 events):
Event: 3.752 GC heap before
{Heap before GC invocations=0 (full 0):
 garbage-first heap   total 262144K, used 27648K [0x0000000080000000, 0x0000000100000000)
  region size 1024K, 22 young (22528K), 0 survivors (0K)
 Metaspace       used 9590K, capacity 9789K, committed 10112K, reserved 1058816K
  class space    used 981K, capacity 1036K, committed 1152K, reserved 1048576K
}
Event: 3.776 GC heap after
{Heap after GC invocations=1 (full 0):
 garbage-first heap   total 262144K, used 9169K [0x0000000080000000, 0x0000000100000000)
  region size 1024K, 3 young (3072K), 3 survivors (3072K)
 Metaspace       used 9590K, capacity 9789K, committed 10112K, reserved 1058816K
  class space    used 981K, capacity 1036K, committed 1152K, reserved 1048576K
}
Event: 7.400 GC heap before
{Heap before GC invocations=1 (full 0):
 garbage-first heap   total 262144K, used 113617K [0x0000000080000000, 0x0000000100000000)
  region size 1024K, 106 young (108544K), 3 survivors (3072K)
 Metaspace       used 20728K, capacity 21148K, committed 21248K, reserved 1067008K
  class space    used 2550K, capacity 2727K, committed 2816K, reserved 1048576K
}
Event: 7.420 GC heap after
{Heap after GC invocations=2 (full 0):
 garbage-first heap   total 262144K, used 16795K [0x0000000080000000, 0x0000000100000000)
  region size 1024K, 11 young (11264K), 11 survivors (11264K)
 Metaspace       used 20728K, capacity 21148K, committed 21248K, reserved 1067008K
  class space    used 2550K, capacity 2727K, committed 2816K, reserved 1048576K
}
Event: 8.000 GC heap before
{Heap before GC invocations=3 (full 0):
 garbage-first heap   total 262144K, used 50587K [0x0000000080000000, 0x0000000100000000)
  region size 1024K, 44 young (45056K), 11 survivors (11264K)
 Metaspace       used 24217K, capacity 24794K, committed 25088K, reserved 1071104K
  class space    used 3071K, capacity 3265K, committed 3328K, reserved 1048576K
}
Event: 8.017 GC heap after
{Heap after GC invocations=4 (full 0):
 garbage-first heap   total 262144K, used 18157K [0x0000000080000000, 0x0000000100000000)
  region size 1024K, 2 young (2048K), 2 survivors (2048K)
 Metaspace       used 24217K, capacity 24794K, committed 25088K, reserved 1071104K
  class space    used 3071K, capacity 3265K, committed 3328K, reserved 1048576K
}
Event: 10.426 GC heap before
{Heap before GC invocations=4 (full 0):
 garbage-first heap   total 262144K, used 129773K [0x0000000080000000, 0x0000000100000000)
  region size 1024K, 103 young (105472K), 2 survivors (2048K)
 Metaspace       used 34937K, capacity 35835K, committed 35840K, reserved 1081344K
  class space    used 4655K, capacity 4987K, committed 4992K, reserved 1048576K
}
Event: 10.444 GC heap after
{Heap after GC invocations=5 (full 0):
 garbage-first heap   total 262144K, used 35840K [0x0000000080000000, 0x0000000100000000)
  region size 1024K, 9 young (9216K), 9 survivors (9216K)
 Metaspace       used 34937K, capacity 35835K, committed 35840K, reserved 1081344K
  class space    used 4655K, capacity 4987K, committed 4992K, reserved 1048576K
}
Event: 13.132 GC heap before
{Heap before GC invocations=6 (full 0):
 garbage-first heap   total 262144K, used 149504K [0x0000000080000000, 0x0000000100000000)
  region size 1024K, 114 young (116736K), 9 survivors (9216K)
 Metaspace       used 45045K, capacity 46271K, committed 46464K, reserved 1089536K
  class space    used 5809K, capacity 6255K, committed 6272K, reserved 1048576K
}
Event: 13.156 GC heap after
{Heap after GC invocations=7 (full 0):
 garbage-first heap   total 262144K, used 47740K [0x0000000080000000, 0x0000000100000000)
  region size 1024K, 15 young (15360K), 15 survivors (15360K)
 Metaspace       used 45045K, capacity 46271K, committed 46464K, reserved 1089536K
  class space    used 5809K, capacity 6255K, committed 6272K, reserved 1048576K
}
Event: 16.062 GC heap before
{Heap before GC invocations=7 (full 0):
 garbage-first heap   total 262144K, used 174716K [0x0000000080000000, 0x0000000100000000)
  region size 1024K, 132 young (135168K), 15 survivors (15360K)
 Metaspace       used 51596K, capacity 53012K, committed 53248K, reserved 1095680K
  class space    used 6641K, capacity 7147K, committed 7168K, reserved 1048576K
}
Event: 16.107 GC heap after
{Heap after GC invocations=8 (full 0):
 garbage-first heap   total 262144K, used 63664K [0x0000000080000000, 0x0000000100000000)
  region size 1024K, 17 young (17408K), 17 survivors (17408K)
 Metaspace       used 51596K, capacity 53012K, committed 53248K, reserved 1095680K
  class space    used 6641K, capacity 7147K, committed 7168K, reserved 1048576K
}
Event: 17.541 GC heap before
{Heap before GC invocations=8 (full 0):
 garbage-first heap   total 262144K, used 123056K [0x0000000080000000, 0x0000000100000000)
  region size 1024K, 75 young (76800K), 17 survivors (17408K)
 Metaspace       used 58550K, capacity 60095K, committed 60160K, reserved 1101824K
  class space    used 7511K, capacity 8036K, committed 8064K, reserved 1048576K
}
Event: 17.582 GC heap after
{Heap after GC invocations=9 (full 0):
 garbage-first heap   total 262144K, used 71587K [0x0000000080000000, 0x0000000100000000)
  region size 1024K, 6 young (6144K), 6 survivors (6144K)
 Metaspace       used 58550K, capacity 60095K, committed 60160K, reserved 1101824K
  class space    used 7511K, capacity 8036K, committed 8064K, reserved 1048576K
}

