# JRE version: OpenJDK Runtime Environment (11.0.12+7) (build 11.0.12+7-b1504.28-7817840)
# Java VM: OpenJDK 64-Bit Server VM (11.0.12+7-b1504.28-7817840, mixed mode, tiered, compressed oops, g1 gc, windows-amd64)
Heap:
 garbage-first heap   total 315392K, used 78646K [0x0000000080000000, 0x0000000100000000)
  region size 1024K, 8 young (8192K), 8 survivors (8192K)
 Metaspace       used 67592K, capacity 69322K, committed 69452K, reserved 1110016K
  class space    used 8672K, capacity 9264K, committed 9292K, reserved 1048576K
GC Heap History (19 events):
Event: 1.556 GC heap before
{Heap before GC invocations=0 (full 0):
 garbage-first heap   total 262144K, used 27648K [0x0000000080000000, 0x0000000100000000)
  region size 1024K, 22 young (22528K), 0 survivors (0K)
 Metaspace       used 9616K, capacity 9821K, committed 10112K, reserved 1058816K
  class space    used 991K, capacity 1068K, committed 1152K, reserved 1048576K
}
Event: 1.586 GC heap after
{Heap after GC invocations=1 (full 0):
 garbage-first heap   total 262144K, used 9128K [0x0000000080000000, 0x0000000100000000)
  region size 1024K, 3 young (3072K), 3 survivors (3072K)
 Metaspace       used 9616K, capacity 9821K, committed 10112K, reserved 1058816K
  class space    used 991K, capacity 1068K, committed 1152K, reserved 1048576K
}
Event: 2.927 GC heap before
{Heap before GC invocations=1 (full 0):
 garbage-first heap   total 262144K, used 38824K [0x0000000080000000, 0x0000000100000000)
  region size 1024K, 32 young (32768K), 3 survivors (3072K)
 Metaspace       used 10834K, capacity 11069K, committed 11264K, reserved 1058816K
  class space    used 1130K, capacity 1207K, committed 1280K, reserved 1048576K
}
Event: 2.931 GC heap after
{Heap after GC invocations=2 (full 0):
 garbage-first heap   total 262144K, used 10934K [0x0000000080000000, 0x0000000100000000)
  region size 1024K, 2 young (2048K), 2 survivors (2048K)
 Metaspace       used 10834K, capacity 11069K, committed 11264K, reserved 1058816K
  class space    used 1130K, capacity 1207K, committed 1280K, reserved 1048576K
}
Event: 4.621 GC heap before
{Heap before GC invocations=2 (full 0):
 garbage-first heap   total 262144K, used 52918K [0x0000000080000000, 0x0000000100000000)
  region size 1024K, 43 young (44032K), 2 survivors (2048K)
 Metaspace       used 17618K, capacity 18016K, committed 18176K, reserved 1064960K
  class space    used 2054K, capacity 2194K, committed 2304K, reserved 1048576K
}
Event: 4.629 GC heap after
{Heap after GC invocations=3 (full 0):
 garbage-first heap   total 262144K, used 16173K [0x0000000080000000, 0x0000000100000000)
  region size 1024K, 6 young (6144K), 6 survivors (6144K)
 Metaspace       used 17618K, capacity 18016K, committed 18176K, reserved 1064960K
  class space    used 2054K, capacity 2194K, committed 2304K, reserved 1048576K
}
Event: 5.165 GC heap before
{Heap before GC invocations=3 (full 0):
 garbage-first heap   total 262144K, used 47917K [0x0000000080000000, 0x0000000100000000)
  region size 1024K, 38 young (38912K), 6 survivors (6144K)
 Metaspace       used 20713K, capacity 21148K, committed 21248K, reserved 1067008K
  class space    used 2545K, capacity 2727K, committed 2816K, reserved 1048576K
}
Event: 5.176 GC heap after
{Heap after GC invocations=4 (full 0):
 garbage-first heap   total 262144K, used 17067K [0x0000000080000000, 0x0000000100000000)
  region size 1024K, 6 young (6144K), 6 survivors (6144K)
 Metaspace       used 20713K, capacity 21148K, committed 21248K, reserved 1067008K
  class space    used 2545K, capacity 2727K, committed 2816K, reserved 1048576K
}
Event: 6.820 GC heap before
{Heap before GC invocations=5 (full 0):
 garbage-first heap   total 262144K, used 84651K [0x0000000080000000, 0x0000000100000000)
  region size 1024K, 68 young (69632K), 6 survivors (6144K)
 Metaspace       used 27407K, capacity 28069K, committed 28160K, reserved 1073152K
  class space    used 3586K, capacity 3829K, committed 3840K, reserved 1048576K
}
Event: 6.834 GC heap after
{Heap after GC invocations=6 (full 0):
 garbage-first heap   total 262144K, used 25429K [0x0000000080000000, 0x0000000100000000)
  region size 1024K, 5 young (5120K), 5 survivors (5120K)
 Metaspace       used 27407K, capacity 28069K, committed 28160K, reserved 1073152K
  class space    used 3586K, capacity 3829K, committed 3840K, reserved 1048576K
}
Event: 8.487 GC heap before
{Heap before GC invocations=6 (full 0):
 garbage-first heap   total 262144K, used 103253K [0x0000000080000000, 0x0000000100000000)
  region size 1024K, 77 young (78848K), 5 survivors (5120K)
 Metaspace       used 34913K, capacity 35835K, committed 35840K, reserved 1081344K
  class space    used 4653K, capacity 4987K, committed 4992K, reserved 1048576K
}
Event: 8.511 GC heap after
{Heap after GC invocations=7 (full 0):
 garbage-first heap   total 262144K, used 35718K [0x0000000080000000, 0x0000000100000000)
  region size 1024K, 10 young (10240K), 10 survivors (10240K)
 Metaspace       used 34913K, capacity 35835K, committed 35840K, reserved 1081344K
  class space    used 4653K, capacity 4987K, committed 4992K, reserved 1048576K
}
Event: 12.096 GC heap before
{Heap before GC invocations=8 (full 0):
 garbage-first heap   total 262144K, used 189318K [0x0000000080000000, 0x0000000100000000)
  region size 1024K, 153 young (156672K), 10 survivors (10240K)
 Metaspace       used 47541K, capacity 48860K, committed 49024K, reserved 1091584K
  class space    used 6075K, capacity 6520K, committed 6528K, reserved 1048576K
}
Event: 12.124 GC heap after
{Heap after GC invocations=9 (full 0):
 garbage-first heap   total 262144K, used 51177K [0x0000000080000000, 0x0000000100000000)
  region size 1024K, 20 young (20480K), 20 survivors (20480K)
 Metaspace       used 47541K, capacity 48860K, committed 49024K, reserved 1091584K
  class space    used 6075K, capacity 6520K, committed 6528K, reserved 1048576K
}
Event: 15.684 GC heap before
{Heap before GC invocations=9 (full 0):
 garbage-first heap   total 262144K, used 195561K [0x0000000080000000, 0x0000000100000000)
  region size 1024K, 153 young (156672K), 20 survivors (20480K)
 Metaspace       used 57381K, capacity 58880K, committed 59136K, reserved 1099776K
  class space    used 7394K, capacity 7931K, committed 7936K, reserved 1048576K
}
Event: 15.724 GC heap after
{Heap after GC invocations=10 (full 0):
 garbage-first heap   total 262144K, used 71617K [0x0000000080000000, 0x0000000100000000)
  region size 1024K, 12 young (12288K), 12 survivors (12288K)
 Metaspace       used 57381K, capacity 58880K, committed 59136K, reserved 1099776K
  class space    used 7394K, capacity 7931K, committed 7936K, reserved 1048576K
}
Event: 15.859 GC heap before
{Heap before GC invocations=10 (full 0):
 garbage-first heap   total 262144K, used 77761K [0x0000000080000000, 0x0000000100000000)
  region size 1024K, 19 young (19456K), 12 survivors (12288K)
 Metaspace       used 58579K, capacity 60102K, committed 60160K, reserved 1101824K
  class space    used 7511K, capacity 8061K, committed 8064K, reserved 1048576K
}
Event: 15.892 GC heap after
{Heap after GC invocations=11 (full 0):
 garbage-first heap   total 262144K, used 72044K [0x0000000080000000, 0x0000000100000000)
  region size 1024K, 1 young (1024K), 1 survivors (1024K)
 Metaspace       used 58579K, capacity 60102K, committed 60160K, reserved 1101824K
  class space    used 7511K, capacity 8061K, committed 8064K, reserved 1048576K
}
Event: 18.232 GC heap before
{Heap before GC invocations=12 (full 0):
 garbage-first heap   total 262144K, used 175468K [0x0000000080000000, 0x0000000100000000)
  region size 1024K, 102 young (104448K), 1 survivors (1024K)
 Metaspace       used 67592K, capacity 69322K, committed 69452K, reserved 1110016K
  class space    used 8672K, capacity 9264K, committed 9292K, reserved 1048576K
}

